<?xml version="1.0" encoding="UTF-8"?>
<!-- Generated by org.testng.reporters.JUnitXMLReporter -->
<testsuite ignored="0" hostname="akProductions" failures="0" tests="3" name="Automation Tests" time="7.525" errors="0" timestamp="2026-03-18T01:52:17 IST">
  <testcase classname="com.ankit.qa.tests.LoginTest" name="loginTest" time="0.706"/>
  <testcase classname="com.ankit.qa.tests.LoginTest" name="loginTest" time="0.718"/>
  <testcase classname="com.ankit.qa.tests.LoginTest" name="loginTest" time="0.671"/>
</testsuite> <!-- Automation Tests -->
