<?xml version="1.0" encoding="UTF-8"?>
<testng-results ignored="0" total="3" passed="3" failed="0" skipped="0">
  <reporter-output>
  </reporter-output>
  <suite started-at="2026-03-18T01:52:09 IST" name="Test Suite" finished-at="2026-03-18T01:52:17 IST" duration-ms="7525">
    <groups>
    </groups>
    <test started-at="2026-03-18T01:52:09 IST" name="Automation Tests" finished-at="2026-03-18T01:52:17 IST" duration-ms="7525">
      <class name="com.ankit.qa.tests.LoginTest">
        <test-method is-config="true" signature="setup()[pri:0, instance:com.ankit.qa.tests.LoginTest@7fb4f2a9]" started-at="2026-03-18T01:52:09 IST" name="setup" finished-at="2026-03-18T01:52:11 IST" duration-ms="1969" status="PASS">
          <reporter-output>
          </reporter-output>
        </test-method> <!-- setup -->
        <test-method signature="loginTest(java.lang.String,java.lang.String)[pri:0, instance:com.ankit.qa.tests.LoginTest@7fb4f2a9]" started-at="2026-03-18T01:52:11 IST" name="loginTest" data-provider="loginData" finished-at="2026-03-18T01:52:12 IST" duration-ms="706" status="PASS">
          <params>
            <param index="0">
              <value>
                <![CDATA[user1]]>
              </value>
            </param>
            <param index="1">
              <value>
                <![CDATA[pass1]]>
              </value>
            </param>
          </params>
          <reporter-output>
          </reporter-output>
        </test-method> <!-- loginTest -->
        <test-method is-config="true" signature="tearDown()[pri:0, instance:com.ankit.qa.tests.LoginTest@7fb4f2a9]" started-at="2026-03-18T01:52:12 IST" name="tearDown" finished-at="2026-03-18T01:52:12 IST" duration-ms="178" status="PASS">
          <reporter-output>
          </reporter-output>
        </test-method> <!-- tearDown -->
        <test-method is-config="true" signature="setup()[pri:0, instance:com.ankit.qa.tests.LoginTest@7fb4f2a9]" started-at="2026-03-18T01:52:12 IST" name="setup" finished-at="2026-03-18T01:52:14 IST" duration-ms="1478" status="PASS">
          <reporter-output>
          </reporter-output>
        </test-method> <!-- setup -->
        <test-method signature="loginTest(java.lang.String,java.lang.String)[pri:0, instance:com.ankit.qa.tests.LoginTest@7fb4f2a9]" started-at="2026-03-18T01:52:14 IST" name="loginTest" data-provider="loginData" finished-at="2026-03-18T01:52:14 IST" duration-ms="718" status="PASS">
          <params>
            <param index="0">
              <value>
                <![CDATA[user2]]>
              </value>
            </param>
            <param index="1">
              <value>
                <![CDATA[pass2]]>
              </value>
            </param>
          </params>
          <reporter-output>
          </reporter-output>
        </test-method> <!-- loginTest -->
        <test-method is-config="true" signature="tearDown()[pri:0, instance:com.ankit.qa.tests.LoginTest@7fb4f2a9]" started-at="2026-03-18T01:52:14 IST" name="tearDown" finished-at="2026-03-18T01:52:15 IST" duration-ms="150" status="PASS">
          <reporter-output>
          </reporter-output>
        </test-method> <!-- tearDown -->
        <test-method is-config="true" signature="setup()[pri:0, instance:com.ankit.qa.tests.LoginTest@7fb4f2a9]" started-at="2026-03-18T01:52:15 IST" name="setup" finished-at="2026-03-18T01:52:16 IST" duration-ms="1451" status="PASS">
          <reporter-output>
          </reporter-output>
        </test-method> <!-- setup -->
        <test-method signature="loginTest(java.lang.String,java.lang.String)[pri:0, instance:com.ankit.qa.tests.LoginTest@7fb4f2a9]" started-at="2026-03-18T01:52:16 IST" name="loginTest" data-provider="loginData" finished-at="2026-03-18T01:52:17 IST" duration-ms="671" status="PASS">
          <params>
            <param index="0">
              <value>
                <![CDATA[user3]]>
              </value>
            </param>
            <param index="1">
              <value>
                <![CDATA[pass3]]>
              </value>
            </param>
          </params>
          <reporter-output>
          </reporter-output>
        </test-method> <!-- loginTest -->
        <test-method is-config="true" signature="tearDown()[pri:0, instance:com.ankit.qa.tests.LoginTest@7fb4f2a9]" started-at="2026-03-18T01:52:17 IST" name="tearDown" finished-at="2026-03-18T01:52:17 IST" duration-ms="161" status="PASS">
          <reporter-output>
          </reporter-output>
        </test-method> <!-- tearDown -->
      </class> <!-- com.ankit.qa.tests.LoginTest -->
    </test> <!-- Automation Tests -->
  </suite> <!-- Test Suite -->
</testng-results>
