<?xml version="1.0" encoding="UTF-8"?>
<testng-results ignored="0" total="1" passed="1" failed="0" skipped="0">
  <reporter-output>
  </reporter-output>
  <suite started-at="2026-03-17T22:12:15 IST" name="Default suite" finished-at="2026-03-17T22:12:23 IST" duration-ms="7351">
    <groups>
    </groups>
    <test started-at="2026-03-17T22:12:15 IST" name="Default test" finished-at="2026-03-17T22:12:23 IST" duration-ms="7351">
      <class name="com.ankit.qa.tests.LoginTest">
        <test-method is-config="true" signature="setup()[pri:0, instance:com.ankit.qa.tests.LoginTest@78691363]" started-at="2026-03-17T22:12:15 IST" name="setup" finished-at="2026-03-17T22:12:20 IST" duration-ms="4581" status="PASS">
          <reporter-output>
          </reporter-output>
        </test-method> <!-- setup -->
        <test-method signature="completeOrderTest()[pri:0, instance:com.ankit.qa.tests.LoginTest@78691363]" started-at="2026-03-17T22:12:20 IST" name="completeOrderTest" finished-at="2026-03-17T22:12:22 IST" duration-ms="2279" status="PASS">
          <reporter-output>
          </reporter-output>
        </test-method> <!-- completeOrderTest -->
        <test-method is-config="true" signature="tearDown()[pri:0, instance:com.ankit.qa.tests.LoginTest@78691363]" started-at="2026-03-17T22:12:22 IST" name="tearDown" finished-at="2026-03-17T22:12:23 IST" duration-ms="376" status="PASS">
          <reporter-output>
          </reporter-output>
        </test-method> <!-- tearDown -->
      </class> <!-- com.ankit.qa.tests.LoginTest -->
    </test> <!-- Default test -->
  </suite> <!-- Default suite -->
</testng-results>
