<?xml version="1.0" encoding="UTF-8"?>
<!-- Generated by org.testng.reporters.JUnitReportReporter -->
<testsuite hostname="akProductions" failures="0" tests="3" name="com.ankit.qa.tests.LoginTest" time="7.482" errors="0" timestamp="2026-03-18T01:52:17 IST" skipped="0">
  <testcase classname="com.ankit.qa.tests.LoginTest" name="loginTest" time="2.357"/>
  <testcase classname="com.ankit.qa.tests.LoginTest" name="loginTest" time="2.307"/>
  <testcase classname="com.ankit.qa.tests.LoginTest" name="loginTest" time="2.818"/>
</testsuite> <!-- com.ankit.qa.tests.LoginTest -->
